<?xml version="1.0" encoding="UTF-8"?>
<testng-results ignored="0" total="1" passed="1" failed="0" skipped="0">
  <reporter-output>
  </reporter-output>
  <suite started-at="2025-01-28T18:18:08 IST" name="Default suite" finished-at="2025-01-28T18:18:46 IST" duration-ms="37400">
    <groups>
    </groups>
    <test started-at="2025-01-28T18:18:08 IST" name="Default test" finished-at="2025-01-28T18:18:46 IST" duration-ms="37400">
      <class name="com.qa.pages.FindACenterPage">
        <test-method is-config="true" signature="setUp()[pri:0, instance:com.qa.pages.FindACenterPage@4802796d]" started-at="2025-01-28T18:18:08 IST" name="setUp" finished-at="2025-01-28T18:18:20 IST" duration-ms="11461" status="PASS">
          <reporter-output>
          </reporter-output>
        </test-method> <!-- setUp -->
        <test-method signature="findCenterTest()[pri:0, instance:com.qa.pages.FindACenterPage@4802796d]" started-at="2025-01-28T18:18:20 IST" name="findCenterTest" finished-at="2025-01-28T18:18:45 IST" duration-ms="25462" status="PASS">
          <reporter-output>
          </reporter-output>
        </test-method> <!-- findCenterTest -->
        <test-method is-config="true" signature="tearDown()[pri:0, instance:com.qa.pages.FindACenterPage@4802796d]" started-at="2025-01-28T18:18:45 IST" name="tearDown" finished-at="2025-01-28T18:18:46 IST" duration-ms="417" status="PASS">
          <reporter-output>
          </reporter-output>
        </test-method> <!-- tearDown -->
      </class> <!-- com.qa.pages.FindACenterPage -->
    </test> <!-- Default test -->
  </suite> <!-- Default suite -->
</testng-results>
