<?xml version="1.0" encoding="UTF-8"?>
<testng-results ignored="0" total="2" passed="2" failed="0" skipped="0">
  <reporter-output>
  </reporter-output>
  <suite started-at="2025-01-29T10:10:31 IST" name="Suite" finished-at="2025-01-29T10:11:13 IST" duration-ms="41639">
    <groups>
    </groups>
    <test started-at="2025-01-29T10:10:31 IST" name="Test" finished-at="2025-01-29T10:11:13 IST" duration-ms="41639">
      <class name="com.qa.tests.SearchTest">
        <test-method is-config="true" signature="setup()[pri:0, instance:com.qa.tests.SearchTest@54d9d12d]" started-at="2025-01-29T10:11:03 IST" name="setup" finished-at="2025-01-29T10:11:10 IST" duration-ms="7327" status="PASS">
          <reporter-output>
          </reporter-output>
        </test-method> <!-- setup -->
        <test-method signature="testSearchFunctionality()[pri:0, instance:com.qa.tests.SearchTest@54d9d12d]" started-at="2025-01-29T10:11:10 IST" name="testSearchFunctionality" finished-at="2025-01-29T10:11:12 IST" duration-ms="1876" status="PASS">
          <reporter-output>
          </reporter-output>
        </test-method> <!-- testSearchFunctionality -->
        <test-method is-config="true" signature="teardown()[pri:0, instance:com.qa.tests.SearchTest@54d9d12d]" started-at="2025-01-29T10:11:12 IST" name="teardown" finished-at="2025-01-29T10:11:13 IST" duration-ms="413" status="PASS">
          <reporter-output>
          </reporter-output>
        </test-method> <!-- teardown -->
      </class> <!-- com.qa.tests.SearchTest -->
      <class name="com.qa.tests.FindACenterTest">
        <test-method is-config="true" signature="setup()[pri:0, instance:com.qa.tests.FindACenterTest@3c46e67a]" started-at="2025-01-29T10:10:31 IST" name="setup" finished-at="2025-01-29T10:10:37 IST" duration-ms="6277" status="PASS">
          <reporter-output>
          </reporter-output>
        </test-method> <!-- setup -->
        <test-method signature="verifyFindCenterFunctionality()[pri:0, instance:com.qa.tests.FindACenterTest@3c46e67a]" started-at="2025-01-29T10:10:37 IST" name="verifyFindCenterFunctionality" finished-at="2025-01-29T10:11:03 IST" duration-ms="25246" status="PASS">
          <reporter-output>
          </reporter-output>
        </test-method> <!-- verifyFindCenterFunctionality -->
        <test-method is-config="true" signature="teardown()[pri:0, instance:com.qa.tests.FindACenterTest@3c46e67a]" started-at="2025-01-29T10:11:03 IST" name="teardown" finished-at="2025-01-29T10:11:03 IST" duration-ms="435" status="PASS">
          <reporter-output>
          </reporter-output>
        </test-method> <!-- teardown -->
      </class> <!-- com.qa.tests.FindACenterTest -->
    </test> <!-- Test -->
  </suite> <!-- Suite -->
</testng-results>
